<?xml version="1.0" encoding="UTF-8"?>
<!-- Generated by org.testng.reporters.JUnitXMLReporter -->
<testsuite hostname="LAPTOP-9R8O7VC2" ignored="0" name="Test" tests="3" failures="0" timestamp="2019-12-27T12:16:15 EST" time="29.72" errors="0">
  <testcase name="testcase1" time="13.377" classname="org.selenium.testcases.TC_003"/>
  <testcase name="testcase1" time="8.279" classname="org.selenium.testcases.TC_001"/>
  <testcase name="testcase1" time="8.024" classname="org.selenium.testcases.TC_002"/>
</testsuite> <!-- Test -->
