<?xml version="1.0" encoding="UTF-8"?>
<testsuite xmlns:xsi="http://www.w3.org/2001/XMLSchema-instance" xsi:noNamespaceSchemaLocation="https://maven.apache.org/surefire/maven-surefire-plugin/xsd/surefire-test-report-3.0.xsd" version="3.0" name="TestSuite" time="30.432" tests="3" errors="0" skipped="0" failures="0">
  <properties>
[...]
</properties>
  <testcase name="testcase1" classname="org.selenium.testcases.TC_003" time="13.381"/>
  <testcase name="testcase1" classname="org.selenium.testcases.TC_001" time="8.275"/>
  <testcase name="testcase1" classname="org.selenium.testcases.TC_002" time="8.024"/>
</testsuite>