<?xml version="1.0" encoding="UTF-8"?>
<testng-results skipped="0" failed="0" ignored="0" total="1" passed="1">
  <reporter-output>
  </reporter-output>
  <suite name="Default suite" duration-ms="8802" started-at="2019-12-27T12:00:46 EST" finished-at="2019-12-27T12:00:55 EST">
    <groups>
    </groups>
    <test name="Default test" duration-ms="8802" started-at="2019-12-27T12:00:46 EST" finished-at="2019-12-27T12:00:55 EST">
      <class name="org.selenium.testcases.TC_001">
        <test-method status="PASS" signature="testcase1()[pri:0, instance:org.selenium.testcases.TC_001@4bb4de6a]" name="testcase1" duration-ms="8760" started-at="2019-12-27T12:00:46 EST" finished-at="2019-12-27T12:00:55 EST">
          <reporter-output>
          </reporter-output>
        </test-method> <!-- testcase1 -->
      </class> <!-- org.selenium.testcases.TC_001 -->
    </test> <!-- Default test -->
  </suite> <!-- Default suite -->
</testng-results>
